<?xml version="1.0" encoding="UTF-8"?>
<!-- Generated by org.testng.reporters.JUnitReportReporter -->
<testsuite hostname="DESKTOP-AF33508" failures="0" tests="3" name="com.orangehrm.testcases.LoginPage" time="60.139" errors="0" timestamp="2022-09-10T21:33:30 IST" skipped="0">
  <testcase classname="com.orangehrm.testcases.LoginPage" name="login" time="20.897"/>
  <system-out/>
  <testcase classname="com.orangehrm.testcases.LoginPage" name="login" time="18.803"/>
  <system-out/>
  <testcase classname="com.orangehrm.testcases.LoginPage" name="login" time="20.439"/>
  <system-out/>
</testsuite> <!-- com.orangehrm.testcases.LoginPage -->
